The system is: Windows - 10.0.17134 - AMD64
Compiling the C compiler identification source file "CMakeCCompilerId.c" succeeded.
Compiler: C:/MinGW/bin/gcc.exe 
Build flags: 
Id flags:  

The output was:
0


Compilation of the C compiler identification source "CMakeCCompilerId.c" produced "a.exe"

Compiling the C compiler identification source file "CMakeCCompilerId.c" succeeded.
Compiler: C:/MinGW/bin/gcc.exe 
Build flags: 
Id flags: -c 

The output was:
0


Compilation of the C compiler identification source "CMakeCCompilerId.c" produced "CMakeCCompilerId.o"

The C compiler identification is GNU, found in "F:/ADELA/STUDIA/SEM_5/AAL/PROJEKT/projektAAL/cmake-build-debug/CMakeFiles/3.12.2/CompilerIdC/CMakeCCompilerId.o"

Compiling the CXX compiler identification source file "CMakeCXXCompilerId.cpp" succeeded.
Compiler: C:/MinGW/bin/g++.exe 
Build flags: 
Id flags:  

The output was:
0


Compilation of the CXX compiler identification source "CMakeCXXCompilerId.cpp" produced "a.exe"

Compiling the CXX compiler identification source file "CMakeCXXCompilerId.cpp" succeeded.
Compiler: C:/MinGW/bin/g++.exe 
Build flags: 
Id flags: -c 

The output was:
0


Compilation of the CXX compiler identification source "CMakeCXXCompilerId.cpp" produced "CMakeCXXCompilerId.o"

The CXX compiler identification is GNU, found in "F:/ADELA/STUDIA/SEM_5/AAL/PROJEKT/projektAAL/cmake-build-debug/CMakeFiles/3.12.2/CompilerIdCXX/CMakeCXXCompilerId.o"

Determining if the C compiler works passed with the following output:
Change Dir: F:/ADELA/STUDIA/SEM_5/AAL/PROJEKT/projektAAL/cmake-build-debug/CMakeFiles/CMakeTmp

Run Build Command:"C:/MinGW/bin/mingw32-make.exe" "cmTC_54f75/fast"
C:/MinGW/bin/mingw32-make.exe -f CMakeFiles\cmTC_54f75.dir\build.make CMakeFiles/cmTC_54f75.dir/build
mingw32-make.exe[1]: Entering directory 'F:/ADELA/STUDIA/SEM_5/AAL/PROJEKT/projektAAL/cmake-build-debug/CMakeFiles/CMakeTmp'
Building C object CMakeFiles/cmTC_54f75.dir/testCCompiler.c.obj
C:\MinGW\bin\gcc.exe    -o CMakeFiles\cmTC_54f75.dir\testCCompiler.c.obj   -c F:\ADELA\STUDIA\SEM_5\AAL\PROJEKT\projektAAL\cmake-build-debug\CMakeFiles\CMakeTmp\testCCompiler.c
Linking C executable cmTC_54f75.exe
"C:\Program Files\JetBrains\CLion 2018.2.4\bin\cmake\win\bin\cmake.exe" -E cmake_link_script CMakeFiles\cmTC_54f75.dir\link.txt --verbose=1
"C:\Program Files\JetBrains\CLion 2018.2.4\bin\cmake\win\bin\cmake.exe" -E remove -f CMakeFiles\cmTC_54f75.dir/objects.a
C:\MinGW\bin\ar.exe cr CMakeFiles\cmTC_54f75.dir/objects.a @CMakeFiles\cmTC_54f75.dir\objects1.rsp
C:\MinGW\bin\gcc.exe      -Wl,--whole-archive CMakeFiles\cmTC_54f75.dir/objects.a -Wl,--no-whole-archive  -o cmTC_54f75.exe -Wl,--out-implib,libcmTC_54f75.dll.a -Wl,--major-image-version,0,--minor-image-version,0 @CMakeFiles\cmTC_54f75.dir\linklibs.rsp
mingw32-make.exe[1]: Leaving directory 'F:/ADELA/STUDIA/SEM_5/AAL/PROJEKT/projektAAL/cmake-build-debug/CMakeFiles/CMakeTmp'


Determining if the CXX compiler works passed with the following output:
Change Dir: F:/ADELA/STUDIA/SEM_5/AAL/PROJEKT/projektAAL/cmake-build-debug/CMakeFiles/CMakeTmp

Run Build Command:"C:/MinGW/bin/mingw32-make.exe" "cmTC_984ae/fast"
C:/MinGW/bin/mingw32-make.exe -f CMakeFiles\cmTC_984ae.dir\build.make CMakeFiles/cmTC_984ae.dir/build
mingw32-make.exe[1]: Entering directory 'F:/ADELA/STUDIA/SEM_5/AAL/PROJEKT/projektAAL/cmake-build-debug/CMakeFiles/CMakeTmp'
Building CXX object CMakeFiles/cmTC_984ae.dir/testCXXCompiler.cxx.obj
C:\MinGW\bin\g++.exe     -o CMakeFiles\cmTC_984ae.dir\testCXXCompiler.cxx.obj -c F:\ADELA\STUDIA\SEM_5\AAL\PROJEKT\projektAAL\cmake-build-debug\CMakeFiles\CMakeTmp\testCXXCompiler.cxx
Linking CXX executable cmTC_984ae.exe
"C:\Program Files\JetBrains\CLion 2018.2.4\bin\cmake\win\bin\cmake.exe" -E cmake_link_script CMakeFiles\cmTC_984ae.dir\link.txt --verbose=1
"C:\Program Files\JetBrains\CLion 2018.2.4\bin\cmake\win\bin\cmake.exe" -E remove -f CMakeFiles\cmTC_984ae.dir/objects.a
C:\MinGW\bin\ar.exe cr CMakeFiles\cmTC_984ae.dir/objects.a @CMakeFiles\cmTC_984ae.dir\objects1.rsp
C:\MinGW\bin\g++.exe      -Wl,--whole-archive CMakeFiles\cmTC_984ae.dir/objects.a -Wl,--no-whole-archive  -o cmTC_984ae.exe -Wl,--out-implib,libcmTC_984ae.dll.a -Wl,--major-image-version,0,--minor-image-version,0 @CMakeFiles\cmTC_984ae.dir\linklibs.rsp
mingw32-make.exe[1]: Leaving directory 'F:/ADELA/STUDIA/SEM_5/AAL/PROJEKT/projektAAL/cmake-build-debug/CMakeFiles/CMakeTmp'


